#
# There is insufficient memory for the Java Runtime Environment to continue.
# Native memory allocation (malloc) failed to allocate 291984 bytes for Chunk::new
# Possible reasons:
#   The system is out of physical RAM or swap space
#   In 32 bit mode, the process size limit was hit
# Possible solutions:
#   Reduce memory load on the system
#   Increase physical memory or swap space
#   Check if swap backing store is full
#   Use 64 bit Java on a 64 bit OS
#   Decrease Java heap size (-Xmx/-Xms)
#   Decrease number of Java threads
#   Decrease Java thread stack sizes (-Xss)
#   Set larger code cache with -XX:ReservedCodeCacheSize=
# This output file may be truncated or incomplete.
#
#  Out of Memory Error (allocation.cpp:390), pid=4220, tid=0x00000000000028a8
#
# JRE version: OpenJDK Runtime Environment (8.0_112-b06) (build 1.8.0_112-release-b06)
# Java VM: OpenJDK 64-Bit Server VM (25.112-b06 mixed mode windows-amd64 compressed oops)
# Failed to write core dump. Minidumps are not enabled by default on client versions of Windows
#

---------------  T H R E A D  ---------------

Current thread (0x000000001666d800):  JavaThread "C2 CompilerThread1" daemon [_thread_in_native, id=10408, stack(0x0000000017cd0000,0x0000000017dd0000)]

Stack: [0x0000000017cd0000,0x0000000017dd0000]
[error occurred during error reporting (printing stack bounds), id 0xc0000005]

Native frames: (J=compiled Java code, j=interpreted, Vv=VM code, C=native code)


Current CompileTask:
C2:2294211 15522       4       org.objectweb.asm.ClassReader::a (3351 bytes)


---------------  P R O C E S S  ---------------

Java Threads: ( => current thread )
  0x000000001d2db800 JavaThread "Cache update executor" [_thread_blocked, id=5412, stack(0x0000000025eb0000,0x0000000025fb0000)]
  0x000000001d2d9800 JavaThread "Asynchronous log dispatcher for DefaultDaemonConnection: socket connection from /127.0.0.1:4345 to /127.0.0.1:5336" [_thread_blocked, id=5172, stack(0x0000000025cb0000,0x0000000025db0000)]
  0x000000001d2de800 JavaThread "Daemon worker Thread 4" [_thread_in_native, id=13728, stack(0x0000000025bb0000,0x0000000025cb0000)]
  0x000000001d2de000 JavaThread "Cancel handler" [_thread_blocked, id=1044, stack(0x0000000025ab0000,0x0000000025bb0000)]
  0x000000001d2dd000 JavaThread "Handler for socket connection from /127.0.0.1:4345 to /127.0.0.1:5336" [_thread_in_native, id=4792, stack(0x00000000259b0000,0x0000000025ab0000)]
  0x000000001d2db000 JavaThread "Daemon Thread 4" [_thread_blocked, id=11228, stack(0x00000000258b0000,0x00000000259b0000)]
  0x000000001d2e1000 JavaThread "pool-6-thread-1" [_thread_blocked, id=1552, stack(0x0000000023fb0000,0x00000000240b0000)]
  0x000000001da07000 JavaThread "pool-2-thread-1" [_thread_blocked, id=7516, stack(0x00000000202a0000,0x00000000203a0000)]
  0x0000000018cbc000 JavaThread "File lock request listener" [_thread_in_native, id=4564, stack(0x000000001c3c0000,0x000000001c4c0000)]
  0x0000000018827000 JavaThread "pool-1-thread-1" [_thread_blocked, id=4996, stack(0x000000001bae0000,0x000000001bbe0000)]
  0x0000000019156000 JavaThread "Incoming local TCP Connector on port 4345" [_thread_in_native, id=8112, stack(0x000000001b3e0000,0x000000001b4e0000)]
  0x00000000166ce000 JavaThread "Service Thread" daemon [_thread_blocked, id=15128, stack(0x00000000182d0000,0x00000000183d0000)]
  0x0000000016673800 JavaThread "C1 CompilerThread2" daemon [_thread_blocked, id=15032, stack(0x0000000017dd0000,0x0000000017ed0000)]
=>0x000000001666d800 JavaThread "C2 CompilerThread1" daemon [_thread_in_native, id=10408, stack(0x0000000017cd0000,0x0000000017dd0000)]
  0x000000001666a800 JavaThread "C2 CompilerThread0" daemon [_thread_blocked, id=12388, stack(0x0000000017bd0000,0x0000000017cd0000)]
  0x0000000016669000 JavaThread "Attach Listener" daemon [_thread_blocked, id=15236, stack(0x0000000017ad0000,0x0000000017bd0000)]
  0x0000000016668000 JavaThread "Signal Dispatcher" daemon [_thread_blocked, id=1800, stack(0x00000000179d0000,0x0000000017ad0000)]
  0x0000000002cfb000 JavaThread "Finalizer" daemon [_thread_blocked, id=7004, stack(0x00000000178d0000,0x00000000179d0000)]
  0x0000000002cf0000 JavaThread "Reference Handler" daemon [_thread_blocked, id=12412, stack(0x00000000177d0000,0x00000000178d0000)]
  0x0000000002c00800 JavaThread "main" [_thread_blocked, id=12216, stack(0x0000000002b00000,0x0000000002c00000)]

Other Threads:
  0x0000000016634800 VMThread [stack: 0x00000000176d0000,0x00000000177d0000] [id=1204]
  0x0000000017ef3800 WatcherThread [stack: 0x00000000183d0000,0x00000000184d0000] [id=6548]

VM state:not at safepoint (normal execution)

VM Mutex/Monitor currently owned by a thread: None

Heap:
 PSYoungGen      total 303104K, used 33789K [0x00000000e0000000, 0x00000000f4f00000, 0x0000000100000000)
  eden space 263168K, 12% used [0x00000000e0000000,0x00000000e20c77b0,0x00000000f0100000)
  from space 39936K, 0% used [0x00000000f0100000,0x00000000f0138000,0x00000000f2800000)
  to   space 33280K, 0% used [0x00000000f2e80000,0x00000000f2e80000,0x00000000f4f00000)
 ParOldGen       total 164352K, used 101945K [0x00000000a0000000, 0x00000000aa080000, 0x00000000e0000000)
  object space 164352K, 62% used [0x00000000a0000000,0x00000000a638e430,0x00000000aa080000)
 Metaspace       used 71565K, capacity 74966K, committed 75008K, reserved 1114112K
  class space    used 9245K, capacity 9975K, committed 9984K, reserved 1048576K

Card table byte_map: [0x00000000120c0000,0x00000000123d0000] byte_map_base: 0x0000000011bc0000

Marking Bits: (ParMarkBitMap*) 0x000000006cfc18f0
 Begin Bits: [0x00000000129d0000, 0x00000000141d0000)
 End Bits:   [0x00000000141d0000, 0x00000000159d0000)

Polling page: 0x0000000001170000

CodeCache: size=245760Kb used=45702Kb max_used=45702Kb free=200057Kb
 bounds [0x0000000002d00000, 0x00000000059e0000, 0x0000000011d00000]
 total_blobs=13542 nmethods=12748 adapters=706
 compilation: enabled

Compilation events (10 events):
Event: 2292.943 Thread 0x0000000016673800 nmethod 15537 0x00000000059d2f50 code [0x00000000059d32e0, 0x00000000059d4b78]
Event: 2292.946 Thread 0x000000001666a800 nmethod 15536 0x00000000059cbe10 code [0x00000000059cbf60, 0x00000000059cc118]
Event: 2292.946 Thread 0x000000001666a800 15538       4       org.objectweb.asm.MethodVisitor::<init> (35 bytes)
Event: 2292.950 Thread 0x0000000016673800 15539       1       org.objectweb.asm.tree.VarInsnNode::getType (2 bytes)
Event: 2292.950 Thread 0x0000000016673800 nmethod 15539 0x00000000059d6010 code [0x00000000059d6160, 0x00000000059d6270]
Event: 2292.950 Thread 0x000000001666a800 nmethod 15538 0x00000000059c4010 code [0x00000000059c4140, 0x00000000059c41f8]
Event: 2293.118 Thread 0x0000000016673800 15540       3       sun.nio.ch.FileChannelImpl::open (15 bytes)
Event: 2293.118 Thread 0x0000000016673800 nmethod 15540 0x00000000059c3bd0 code [0x00000000059c3d40, 0x00000000059c3f48]
Event: 2293.174 Thread 0x0000000016673800 15541       3       org.objectweb.asm.MethodVisitor::visitTypeInsn (17 bytes)
Event: 2293.175 Thread 0x0000000016673800 nmethod 15541 0x00000000059b4ad0 code [0x00000000059b4c40, 0x00000000059b4ea8]

GC Heap History (10 events):
Event: 512.710 GC heap before
{Heap before GC invocations=23 (full 3):
 PSYoungGen      total 210944K, used 210921K [0x00000000e0000000, 0x00000000f2000000, 0x0000000100000000)
  eden space 185856K, 100% used [0x00000000e0000000,0x00000000eb580000,0x00000000eb580000)
  from space 25088K, 99% used [0x00000000eb580000,0x00000000ecdfa4a8,0x00000000ece00000)
  to   space 37888K, 0% used [0x00000000efb00000,0x00000000efb00000,0x00000000f2000000)
 ParOldGen       total 95744K, used 73884K [0x00000000a0000000, 0x00000000a5d80000, 0x00000000e0000000)
  object space 95744K, 77% used [0x00000000a0000000,0x00000000a4827038,0x00000000a5d80000)
 Metaspace       used 67910K, capacity 70882K, committed 71040K, reserved 1110016K
  class space    used 8873K, capacity 9543K, committed 9600K, reserved 1048576K
Event: 512.848 GC heap after
Heap after GC invocations=23 (full 3):
 PSYoungGen      total 253440K, used 31186K [0x00000000e0000000, 0x00000000f3480000, 0x0000000100000000)
  eden space 215552K, 0% used [0x00000000e0000000,0x00000000e0000000,0x00000000ed280000)
  from space 37888K, 82% used [0x00000000efb00000,0x00000000f1974ab0,0x00000000f2000000)
  to   space 41472K, 0% used [0x00000000ed280000,0x00000000ed280000,0x00000000efb00000)
 ParOldGen       total 95744K, used 90370K [0x00000000a0000000, 0x00000000a5d80000, 0x00000000e0000000)
  object space 95744K, 94% used [0x00000000a0000000,0x00000000a58409c8,0x00000000a5d80000)
 Metaspace       used 67910K, capacity 70882K, committed 71040K, reserved 1110016K
  class space    used 8873K, capacity 9543K, committed 9600K, reserved 1048576K
}
Event: 512.848 GC heap before
{Heap before GC invocations=24 (full 4):
 PSYoungGen      total 253440K, used 31186K [0x00000000e0000000, 0x00000000f3480000, 0x0000000100000000)
  eden space 215552K, 0% used [0x00000000e0000000,0x00000000e0000000,0x00000000ed280000)
  from space 37888K, 82% used [0x00000000efb00000,0x00000000f1974ab0,0x00000000f2000000)
  to   space 41472K, 0% used [0x00000000ed280000,0x00000000ed280000,0x00000000efb00000)
 ParOldGen       total 95744K, used 90370K [0x00000000a0000000, 0x00000000a5d80000, 0x00000000e0000000)
  object space 95744K, 94% used [0x00000000a0000000,0x00000000a58409c8,0x00000000a5d80000)
 Metaspace       used 67910K, capacity 70882K, committed 71040K, reserved 1110016K
  class space    used 8873K, capacity 9543K, committed 9600K, reserved 1048576K
Event: 513.510 GC heap after
Heap after GC invocations=24 (full 4):
 PSYoungGen      total 253440K, used 0K [0x00000000e0000000, 0x00000000f3480000, 0x0000000100000000)
  eden space 215552K, 0% used [0x00000000e0000000,0x00000000e0000000,0x00000000ed280000)
  from space 37888K, 0% used [0x00000000efb00000,0x00000000efb00000,0x00000000f2000000)
  to   space 41472K, 0% used [0x00000000ed280000,0x00000000ed280000,0x00000000efb00000)
 ParOldGen       total 164352K, used 92647K [0x00000000a0000000, 0x00000000aa080000, 0x00000000e0000000)
  object space 164352K, 56% used [0x00000000a0000000,0x00000000a5a79f58,0x00000000aa080000)
 Metaspace       used 67908K, capacity 70876K, committed 71040K, reserved 1110016K
  class space    used 8872K, capacity 9542K, committed 9600K, reserved 1048576K
}
Event: 1466.011 GC heap before
{Heap before GC invocations=25 (full 4):
 PSYoungGen      total 253440K, used 215552K [0x00000000e0000000, 0x00000000f3480000, 0x0000000100000000)
  eden space 215552K, 100% used [0x00000000e0000000,0x00000000ed280000,0x00000000ed280000)
  from space 37888K, 0% used [0x00000000efb00000,0x00000000efb00000,0x00000000f2000000)
  to   space 41472K, 0% used [0x00000000ed280000,0x00000000ed280000,0x00000000efb00000)
 ParOldGen       total 164352K, used 92647K [0x00000000a0000000, 0x00000000aa080000, 0x00000000e0000000)
  object space 164352K, 56% used [0x00000000a0000000,0x00000000a5a79f58,0x00000000aa080000)
 Metaspace       used 70815K, capacity 73892K, committed 73984K, reserved 1114112K
  class space    used 9197K, capacity 9894K, committed 9984K, reserved 1048576K
Event: 1466.155 GC heap after
Heap after GC invocations=25 (full 4):
 PSYoungGen      total 257024K, used 7061K [0x00000000e0000000, 0x00000000f5680000, 0x0000000100000000)
  eden space 215552K, 0% used [0x00000000e0000000,0x00000000e0000000,0x00000000ed280000)
  from space 41472K, 17% used [0x00000000ed280000,0x00000000ed965568,0x00000000efb00000)
  to   space 40960K, 0% used [0x00000000f2e80000,0x00000000f2e80000,0x00000000f5680000)
 ParOldGen       total 164352K, used 92655K [0x00000000a0000000, 0x00000000aa080000, 0x00000000e0000000)
  object space 164352K, 56% used [0x00000000a0000000,0x00000000a5a7bf58,0x00000000aa080000)
 Metaspace       used 70815K, capacity 73892K, committed 73984K, reserved 1114112K
  class space    used 9197K, capacity 9894K, committed 9984K, reserved 1048576K
}
Event: 2221.895 GC heap before
{Heap before GC invocations=26 (full 4):
 PSYoungGen      total 257024K, used 221764K [0x00000000e0000000, 0x00000000f5680000, 0x0000000100000000)
  eden space 215552K, 99% used [0x00000000e0000000,0x00000000ed1abd20,0x00000000ed280000)
  from space 41472K, 17% used [0x00000000ed280000,0x00000000ed965568,0x00000000efb00000)
  to   space 40960K, 0% used [0x00000000f2e80000,0x00000000f2e80000,0x00000000f5680000)
 ParOldGen       total 164352K, used 92655K [0x00000000a0000000, 0x00000000aa080000, 0x00000000e0000000)
  object space 164352K, 56% used [0x00000000a0000000,0x00000000a5a7bf58,0x00000000aa080000)
 Metaspace       used 71287K, capacity 74634K, committed 74752K, reserved 1114112K
  class space    used 9231K, capacity 9937K, committed 9984K, reserved 1048576K
Event: 2223.067 GC heap after
Heap after GC invocations=26 (full 4):
 PSYoungGen      total 296448K, used 6075K [0x00000000e0000000, 0x00000000f4f00000, 0x0000000100000000)
  eden space 263168K, 0% used [0x00000000e0000000,0x00000000e0000000,0x00000000f0100000)
  from space 33280K, 18% used [0x00000000f2e80000,0x00000000f346ed28,0x00000000f4f00000)
  to   space 39936K, 0% used [0x00000000f0100000,0x00000000f0100000,0x00000000f2800000)
 ParOldGen       total 164352K, used 97144K [0x00000000a0000000, 0x00000000aa080000, 0x00000000e0000000)
  object space 164352K, 59% used [0x00000000a0000000,0x00000000a5ede3c0,0x00000000aa080000)
 Metaspace       used 71287K, capacity 74634K, committed 74752K, reserved 1114112K
  class space    used 9231K, capacity 9937K, committed 9984K, reserved 1048576K
}
Event: 2248.534 GC heap before
{Heap before GC invocations=27 (full 4):
 PSYoungGen      total 296448K, used 269243K [0x00000000e0000000, 0x00000000f4f00000, 0x0000000100000000)
  eden space 263168K, 100% used [0x00000000e0000000,0x00000000f0100000,0x00000000f0100000)
  from space 33280K, 18% used [0x00000000f2e80000,0x00000000f346ed28,0x00000000f4f00000)
  to   space 39936K, 0% used [0x00000000f0100000,0x00000000f0100000,0x00000000f2800000)
 ParOldGen       total 164352K, used 97144K [0x00000000a0000000, 0x00000000aa080000, 0x00000000e0000000)
  object space 164352K, 59% used [0x00000000a0000000,0x00000000a5ede3c0,0x00000000aa080000)
 Metaspace       used 71396K, capacity 74758K, committed 75008K, reserved 1114112K
  class space    used 9244K, capacity 9973K, committed 9984K, reserved 1048576K
Event: 2249.015 GC heap after
Heap after GC invocations=27 (full 4):
 PSYoungGen      total 303104K, used 224K [0x00000000e0000000, 0x00000000f4f00000, 0x0000000100000000)
  eden space 263168K, 0% used [0x00000000e0000000,0x00000000e0000000,0x00000000f0100000)
  from space 39936K, 0% used [0x00000000f0100000,0x00000000f0138000,0x00000000f2800000)
  to   space 33280K, 0% used [0x00000000f2e80000,0x00000000f2e80000,0x00000000f4f00000)
 ParOldGen       total 164352K, used 101945K [0x00000000a0000000, 0x00000000aa080000, 0x00000000e0000000)
  object space 164352K, 62% used [0x00000000a0000000,0x00000000a638e430,0x00000000aa080000)
 Metaspace       used 71396K, capacity 74758K, committed 75008K, reserved 1114112K
  class space    used 9244K, capacity 9973K, committed 9984K, reserved 1048576K
}

Deoptimization events (10 events):
Event: 2278.228 Thread 0x000000001d2de800 Uncommon trap: reason=predicate action=maybe_recompile pc=0x00000000059125f0 method=java.util.ComparableTimSort.reverseRange([Ljava/lang/Object;II)V @ 8
Event: 2286.589 Thread 0x000000001d2de800 Uncommon trap: reason=unstable_if action=reinterpret pc=0x0000000005975030 method=org.objectweb.asm.ClassReader.a(Lorg/objectweb/asm/ClassVisitor;Lorg/objectweb/asm/Context;I)I @ 90
Event: 2286.593 Thread 0x000000001d2de800 Uncommon trap: reason=unstable_if action=reinterpret pc=0x0000000004f8e84c method=org.objectweb.asm.ClassReader.a(Lorg/objectweb/asm/MethodVisitor;Lorg/objectweb/asm/Context;I)V @ 694
Event: 2287.428 Thread 0x000000001d2de800 Uncommon trap: reason=class_check action=maybe_recompile pc=0x0000000005923608 method=org.objectweb.asm.ClassWriter.a(Ljava/lang/Object;)Lorg/objectweb/asm/Item; @ 177
Event: 2287.429 Thread 0x000000001d2de800 Uncommon trap: reason=unstable_if action=reinterpret pc=0x0000000002e3f56c method=org.objectweb.asm.commons.SerialVersionUIDAdder$Item.compareTo(Lorg/objectweb/asm/commons/SerialVersionUIDAdder$Item;)I @ 13
Event: 2292.333 Thread 0x000000001d2de800 Uncommon trap: reason=unstable_if action=reinterpret pc=0x00000000059802ac method=com.android.build.gradle.internal.incremental.IncrementalVisitor$AccessRight.fromNodeAccess(I)Lcom/android/build/gradle/internal/incremental/IncrementalVisitor$AccessRight; @
Event: 2292.666 Thread 0x000000001d2de800 Uncommon trap: reason=class_check action=maybe_recompile pc=0x0000000005923608 method=org.objectweb.asm.ClassWriter.a(Ljava/lang/Object;)Lorg/objectweb/asm/Item; @ 177
Event: 2292.666 Thread 0x000000001d2de800 Uncommon trap: reason=class_check action=maybe_recompile pc=0x0000000005923608 method=org.objectweb.asm.ClassWriter.a(Ljava/lang/Object;)Lorg/objectweb/asm/Item; @ 177
Event: 2292.667 Thread 0x000000001d2de800 Uncommon trap: reason=class_check action=maybe_recompile pc=0x0000000005923608 method=org.objectweb.asm.ClassWriter.a(Ljava/lang/Object;)Lorg/objectweb/asm/Item; @ 177
Event: 2292.928 Thread 0x000000001d2de800 Uncommon trap: reason=unloaded action=reinterpret pc=0x000000000592426c method=org.objectweb.asm.ClassReader.readConst(I[C)Ljava/lang/Object; @ 122

Internal exceptions (10 events):
Event: 715.056 Thread 0x000000001d2d9800 Exception <a 'java/lang/ClassNotFoundException': asLocalRepo15985_2m65uye47rfynw33smqx1vtv2Customizer> (0x00000000e39c9ef8) thrown at [C:\src\android\AOSP-openjdk\external\jetbrains\jdk\hotspot\src\share\vm\classfile\systemDictionary.cpp, line 210]
Event: 719.742 Thread 0x000000001d2d9800 Exception <a 'sun/nio/fs/WindowsException'> (0x00000000e5f8d560) thrown at [C:\src\android\AOSP-openjdk\external\jetbrains\jdk\hotspot\src\share\vm\prims\jni.cpp, line 709]
Event: 736.472 Thread 0x000000001d2d9800 Exception <a 'sun/nio/fs/WindowsException'> (0x00000000ecc39b68) thrown at [C:\src\android\AOSP-openjdk\external\jetbrains\jdk\hotspot\src\share\vm\prims\jni.cpp, line 709]
Event: 1065.469 Thread 0x000000001da07000 Exception <a 'sun/nio/fs/WindowsException'> (0x00000000e3034ca8) thrown at [C:\src\android\AOSP-openjdk\external\jetbrains\jdk\hotspot\src\share\vm\prims\jni.cpp, line 709]
Event: 1319.748 Thread 0x000000001da07000 Exception <a 'sun/nio/fs/WindowsException'> (0x00000000e3036248) thrown at [C:\src\android\AOSP-openjdk\external\jetbrains\jdk\hotspot\src\share\vm\prims\jni.cpp, line 709]
Event: 2105.312 Thread 0x000000001d2de800 Exception <a 'java/lang/ClassNotFoundException': asLocalRepo16541_ct5otiwsh8tvm0e37b9gwoxxqBeanInfo> (0x00000000e0bea3a8) thrown at [C:\src\android\AOSP-openjdk\external\jetbrains\jdk\hotspot\src\share\vm\classfile\systemDictionary.cpp, line 210]
Event: 2105.315 Thread 0x000000001d2de800 Exception <a 'java/lang/ClassNotFoundException': asLocalRepo16541_ct5otiwsh8tvm0e37b9gwoxxqCustomizer> (0x00000000e0bf59e8) thrown at [C:\src\android\AOSP-openjdk\external\jetbrains\jdk\hotspot\src\share\vm\classfile\systemDictionary.cpp, line 210]
Event: 2116.933 Thread 0x000000001d2de800 Exception <a 'sun/nio/fs/WindowsException'> (0x00000000e3186af0) thrown at [C:\src\android\AOSP-openjdk\external\jetbrains\jdk\hotspot\src\share\vm\prims\jni.cpp, line 709]
Event: 2117.212 Thread 0x000000001d2de800 Implicit null exception at 0x0000000005256963 to 0x0000000005256a9d
Event: 2243.524 Thread 0x000000001d2de800 Exception <a 'java/io/FileNotFoundException'> (0x00000000efc83470) thrown at [C:\src\android\AOSP-openjdk\external\jetbrains\jdk\hotspot\src\share\vm\prims\jni.cpp, line 709]

Events (10 events):
Event: 2292.666 Thread 0x000000001d2de800 DEOPT UNPACKING pc=0x0000000002d4556a sp=0x0000000025cab148 mode 2
Event: 2292.666 Thread 0x000000001d2de800 Uncommon trap: trap_request=0xffffffde fr.pc=0x0000000005923608
Event: 2292.666 Thread 0x000000001d2de800 DEOPT PACKING pc=0x0000000005923608 sp=0x0000000025cab1c0
Event: 2292.666 Thread 0x000000001d2de800 DEOPT UNPACKING pc=0x0000000002d4556a sp=0x0000000025cab148 mode 2
Event: 2292.667 Thread 0x000000001d2de800 Uncommon trap: trap_request=0xffffffde fr.pc=0x0000000005923608
Event: 2292.667 Thread 0x000000001d2de800 DEOPT PACKING pc=0x0000000005923608 sp=0x0000000025cab1c0
Event: 2292.667 Thread 0x000000001d2de800 DEOPT UNPACKING pc=0x0000000002d4556a sp=0x0000000025cab148 mode 2
Event: 2292.928 Thread 0x000000001d2de800 Uncommon trap: trap_request=0x00000149 fr.pc=0x000000000592426c
Event: 2292.928 Thread 0x000000001d2de800 DEOPT PACKING pc=0x000000000592426c sp=0x0000000025cab030
Event: 2292.928 Thread 0x000000001d2de800 DEOPT UNPACKING pc=0x0000000002d4556a sp=0x0000000025caafc0 mode 2


Dynamic libraries:
0x00007ff745da0000 - 0x00007ff745dd1000 	C:\Program Files\Android\Android Studio\jre\bin\java.exe
0x00007ffb5a4f0000 - 0x00007ffb5a6cb000 	C:\WINDOWS\SYSTEM32\ntdll.dll
0x00007ffb593e0000 - 0x00007ffb5948e000 	C:\WINDOWS\System32\KERNEL32.DLL
0x00007ffb56f50000 - 0x00007ffb57199000 	C:\WINDOWS\System32\KERNELBASE.dll
0x00007ffb57bf0000 - 0x00007ffb57c91000 	C:\WINDOWS\System32\ADVAPI32.dll
0x00007ffb59e70000 - 0x00007ffb59f0d000 	C:\WINDOWS\System32\msvcrt.dll
0x00007ffb59fd0000 - 0x00007ffb5a029000 	C:\WINDOWS\System32\sechost.dll
0x00007ffb59940000 - 0x00007ffb59a65000 	C:\WINDOWS\System32\RPCRT4.dll
0x00007ffb5a090000 - 0x00007ffb5a1da000 	C:\WINDOWS\System32\USER32.dll
0x00007ffb56a60000 - 0x00007ffb56a7e000 	C:\WINDOWS\System32\win32u.dll
0x00007ffb5a2c0000 - 0x00007ffb5a2e7000 	C:\WINDOWS\System32\GDI32.dll
0x00007ffb56a80000 - 0x00007ffb56c07000 	C:\WINDOWS\System32\gdi32full.dll
0x00007ffb56c10000 - 0x00007ffb56caa000 	C:\WINDOWS\System32\msvcp_win.dll
0x00007ffb57950000 - 0x00007ffb57a46000 	C:\WINDOWS\System32\ucrtbase.dll
0x00007ffb468a0000 - 0x00007ffb46b07000 	C:\WINDOWS\WinSxS\amd64_microsoft.windows.common-controls_6595b64144ccf1df_6.0.15063.483_none_26002d27e7c744a2\COMCTL32.dll
0x00007ffb590e0000 - 0x00007ffb593d9000 	C:\WINDOWS\System32\combase.dll
0x00007ffb56ee0000 - 0x00007ffb56f4a000 	C:\WINDOWS\System32\bcryptPrimitives.dll
0x00007ffb59be0000 - 0x00007ffb59c0d000 	C:\WINDOWS\System32\IMM32.DLL
0x000000006d620000 - 0x000000006d6f2000 	C:\Program Files\Android\Android Studio\jre\jre\bin\msvcr100.dll
0x000000006c800000 - 0x000000006d03c000 	C:\Program Files\Android\Android Studio\jre\jre\bin\server\jvm.dll
0x00007ffb5a4e0000 - 0x00007ffb5a4e8000 	C:\WINDOWS\System32\PSAPI.DLL
0x00007ffb52c90000 - 0x00007ffb52c99000 	C:\WINDOWS\SYSTEM32\WSOCK32.dll
0x00007ffb5a410000 - 0x00007ffb5a47c000 	C:\WINDOWS\System32\WS2_32.dll
0x00007ffb54ed0000 - 0x00007ffb54ef3000 	C:\WINDOWS\SYSTEM32\WINMM.dll
0x00007ffb4acd0000 - 0x00007ffb4acda000 	C:\WINDOWS\SYSTEM32\VERSION.dll
0x00007ffb54dc0000 - 0x00007ffb54deb000 	C:\WINDOWS\SYSTEM32\WINMMBASE.dll
0x00007ffb56a10000 - 0x00007ffb56a59000 	C:\WINDOWS\System32\cfgmgr32.dll
0x00007ffb549a0000 - 0x00007ffb549af000 	C:\Program Files\Android\Android Studio\jre\jre\bin\verify.dll
0x00007ffb4bf40000 - 0x00007ffb4bf69000 	C:\Program Files\Android\Android Studio\jre\jre\bin\java.dll
0x00007ffb51fd0000 - 0x00007ffb51fe6000 	C:\Program Files\Android\Android Studio\jre\jre\bin\zip.dll
0x00007ffb57ca0000 - 0x00007ffb590d6000 	C:\WINDOWS\System32\SHELL32.dll
0x00007ffb59f10000 - 0x00007ffb59fba000 	C:\WINDOWS\System32\shcore.dll
0x00007ffb571a0000 - 0x00007ffb57891000 	C:\WINDOWS\System32\windows.storage.dll
0x00007ffb5a480000 - 0x00007ffb5a4d1000 	C:\WINDOWS\System32\shlwapi.dll
0x00007ffb569f0000 - 0x00007ffb56a01000 	C:\WINDOWS\System32\kernel.appcore.dll
0x00007ffb569a0000 - 0x00007ffb569ec000 	C:\WINDOWS\System32\powrprof.dll
0x00007ffb56980000 - 0x00007ffb56995000 	C:\WINDOWS\System32\profapi.dll
0x00007ffb51620000 - 0x00007ffb5163a000 	C:\Program Files\Android\Android Studio\jre\jre\bin\net.dll
0x00007ffb56210000 - 0x00007ffb5626c000 	C:\WINDOWS\system32\mswsock.dll
0x00007ffb515e0000 - 0x00007ffb515f1000 	C:\Program Files\Android\Android Studio\jre\jre\bin\nio.dll
0x00007ffb4bd80000 - 0x00007ffb4bd9e000 	C:\Users\VASU\.gradle\native\23\windows-amd64\native-platform.dll
0x00007ffb563b0000 - 0x00007ffb563c7000 	C:\WINDOWS\SYSTEM32\CRYPTSP.dll
0x00007ffb55e30000 - 0x00007ffb55e64000 	C:\WINDOWS\system32\rsaenh.dll
0x00007ffb56790000 - 0x00007ffb567b5000 	C:\WINDOWS\SYSTEM32\bcrypt.dll
0x00007ffb56860000 - 0x00007ffb56889000 	C:\WINDOWS\SYSTEM32\USERENV.dll
0x00007ffb563d0000 - 0x00007ffb563db000 	C:\WINDOWS\SYSTEM32\CRYPTBASE.dll
0x00007ffb55fb0000 - 0x00007ffb55fe7000 	C:\WINDOWS\SYSTEM32\IPHLPAPI.DLL
0x00007ffb59930000 - 0x00007ffb59938000 	C:\WINDOWS\System32\NSI.dll
0x00007ffb4d440000 - 0x00007ffb4d456000 	C:\WINDOWS\SYSTEM32\dhcpcsvc6.DLL
0x00007ffb51320000 - 0x00007ffb5133a000 	C:\WINDOWS\SYSTEM32\dhcpcsvc.DLL
0x00007ffb53900000 - 0x00007ffb5390d000 	C:\Program Files\Android\Android Studio\jre\jre\bin\management.dll
0x00007ffb470f0000 - 0x00007ffb47114000 	C:\Program Files\Android\Android Studio\jre\jre\bin\sunec.dll
0x00007ffb50c30000 - 0x00007ffb50c3b000 	C:\Program Files\Android\Android Studio\jre\jre\bin\sunmscapi.dll
0x00007ffb56d10000 - 0x00007ffb56ed9000 	C:\WINDOWS\System32\CRYPT32.dll
0x00007ffb56960000 - 0x00007ffb56971000 	C:\WINDOWS\System32\MSASN1.dll

VM Arguments:
jvm_args: -Xmx1536m -Dfile.encoding=windows-1252 -Duser.country=US -Duser.language=en -Duser.variant 
java_command: org.gradle.launcher.daemon.bootstrap.GradleDaemon 3.3
java_class_path (initial): C:\Users\VASU\.gradle\wrapper\dists\gradle-3.3-all\55gk2rcmfc6p2dg9u9ohc3hw9\gradle-3.3\lib\gradle-launcher-3.3.jar
Launcher Type: SUN_STANDARD

Environment Variables:
PATH=C:\ProgramData\Oracle\Java\javapath;C:\oraclexe\app\oracle\product\10.2.0\server\bin;C:\WINDOWS\system32;C:\WINDOWS;C:\WINDOWS\System32\Wbem;C:\WINDOWS\System32\WindowsPowerShell\v1.0\;C:\Program Files\Intel\WiFi\bin\;C:\Program Files\Common Files\Intel\WirelessCommon\;C:\Program Files\PuTTY\;C:\Program Files\nodejs\;C:\Program Files\Intel\WiFi\bin\;C:\Program Files\Common Files\Intel\WirelessCommon\;C:\Users\VASU\AppData\Local\Microsoft\WindowsApps;C:\Users\VASU\AppData\Roaming\npm
USERNAME=VASU
OS=Windows_NT
PROCESSOR_IDENTIFIER=Intel64 Family 6 Model 61 Stepping 4, GenuineIntel



---------------  S Y S T E M  ---------------

OS: Windows 10.0 , 64 bit Build 15063 (10.0.15063.296)

CPU:total 4 (2 cores per cpu, 2 threads per core) family 6 model 61 stepping 4, cmov, cx8, fxsr, mmx, sse, sse2, sse3, ssse3, sse4.1, sse4.2, popcnt, avx, avx2, aes, clmul, erms, 3dnowpref, lzcnt, ht, tsc, tscinvbit, bmi1, bmi2, adx

Memory: 4k page, physical 4107352k(83696k free), swap 9350232k(3568k free)

vm_info: OpenJDK 64-Bit Server VM (25.112-b06) for windows-amd64 JRE (1.8.0_112-release-b06), built on Dec  8 2016 00:54:26 by "builder" with MS VC++ 10.0 (VS2010)

time: Mon Nov 20 16:35:28 2017
elapsed time: 2293 seconds (0d 0h 38m 13s)

